#
# A fatal error has been detected by the Java Runtime Environment:
#
#  Internal Error (javaClasses.cpp:136), pid=11012, tid=7100
#  fatal error: Invalid layout of preloaded class
#
# JRE version:  (7.0_45-b18) (build )
# Java VM: Java HotSpot(TM) Client VM (24.45-b08 mixed mode windows-x86 )
# Failed to write core dump. Minidumps are not enabled by default on client versions of Windows
#
# If you would like to submit a bug report, please visit:
#   http://bugreport.sun.com/bugreport/crash.jsp
#

---------------  T H R E A D  ---------------

Current thread (0x0272c400):  JavaThread "Unknown thread" [_thread_in_vm, id=7100, stack(0x00390000,0x003e0000)]

Stack: [0x00390000,0x003e0000],  sp=0x003df61c,  free space=317k
Native frames: (J=compiled Java code, j=interpreted, Vv=VM code, C=native code)
V  [jvm.dll+0x18df51]
V  [jvm.dll+0x187cc6]
V  [jvm.dll+0x3586a]
V  [jvm.dll+0x358f6]
V  [jvm.dll+0x4400d]
V  [jvm.dll+0x442be]
V  [jvm.dll+0x9263a]
V  [jvm.dll+0x929eb]
V  [jvm.dll+0x13daf1]
V  [jvm.dll+0x1605fc]
V  [jvm.dll+0xc8ebf]
C  [javaw.exe+0x13ce]
C  [javaw.exe+0x1e40]
C  [javaw.exe+0xa5b1]
C  [javaw.exe+0xa63b]
C  [kernel32.dll+0x133aa]
C  [ntdll.dll+0x39ef2]
C  [ntdll.dll+0x39ec5]


---------------  P R O C E S S  ---------------

Java Threads: ( => current thread )

Other Threads:

=>0x0272c400 (exited) JavaThread "Unknown thread" [_thread_in_vm, id=7100, stack(0x00390000,0x003e0000)]

VM state:not at safepoint (not fully initialized)

VM Mutex/Monitor currently owned by a thread: None

GC Heap History (0 events):
No events

Deoptimization events (0 events):
No events

Internal exceptions (0 events):
No events

Events (10 events):
Event: 0.005 loading class 0x01e53690 done
Event: 0.006 loading class 0x01e53120 done
Event: 0.006 loading class 0x01e53100
Event: 0.006 loading class 0x01e5a428
Event: 0.006 loading class 0x01e5a428 done
Event: 0.006 loading class 0x01e5a458
Event: 0.006 loading class 0x01e5a458 done
Event: 0.006 loading class 0x01e5a488
Event: 0.006 loading class 0x01e5a488 done
Event: 0.006 loading class 0x01e53100 done


Dynamic libraries:
0x00300000 - 0x0032f000 	E:\work\adt-bundle-windows-x86-20131030\eclipse\jre\bin\javaw.exe
0x77170000 - 0x772f0000 	C:\Windows\SysWOW64\ntdll.dll
0x75870000 - 0x75980000 	C:\Windows\syswow64\kernel32.dll
0x75a50000 - 0x75a97000 	C:\Windows\syswow64\KERNELBASE.dll
0x76400000 - 0x764a0000 	C:\Windows\syswow64\ADVAPI32.dll
0x76020000 - 0x760cc000 	C:\Windows\syswow64\msvcrt.dll
0x74b70000 - 0x74b89000 	C:\Windows\SysWOW64\sechost.dll
0x75aa0000 - 0x75b90000 	C:\Windows\syswow64\RPCRT4.dll
0x74850000 - 0x748b0000 	C:\Windows\syswow64\SspiCli.dll
0x74840000 - 0x7484c000 	C:\Windows\syswow64\CRYPTBASE.dll
0x75db0000 - 0x75eb0000 	C:\Windows\syswow64\USER32.dll
0x759c0000 - 0x75a50000 	C:\Windows\syswow64\GDI32.dll
0x748b0000 - 0x748ba000 	C:\Windows\syswow64\LPK.dll
0x76810000 - 0x768ad000 	C:\Windows\syswow64\USP10.dll
0x71680000 - 0x7181e000 	C:\Windows\WinSxS\x86_microsoft.windows.common-controls_6595b64144ccf1df_6.0.7601.17514_none_41e6975e2bd6f2b2\COMCTL32.dll
0x76610000 - 0x76667000 	C:\Windows\syswow64\SHLWAPI.dll
0x748c0000 - 0x74920000 	C:\Windows\system32\IMM32.DLL
0x76330000 - 0x763fc000 	C:\Windows\syswow64\MSCTF.dll
0x74430000 - 0x74487000 	C:\Windows\SysWOW64\nvinit.dll
0x69ee0000 - 0x69f9f000 	E:\work\adt-bundle-windows-x86-20131030\eclipse\jre\bin\msvcr100.dll
0x698a0000 - 0x69c20000 	E:\work\adt-bundle-windows-x86-20131030\eclipse\jre\bin\client\jvm.dll
0x73a90000 - 0x73a97000 	C:\Windows\system32\WSOCK32.dll
0x75980000 - 0x759b5000 	C:\Windows\syswow64\WS2_32.dll
0x760d0000 - 0x760d6000 	C:\Windows\syswow64\NSI.dll
0x744e0000 - 0x74512000 	C:\Windows\system32\WINMM.dll
0x75d70000 - 0x75d75000 	C:\Windows\syswow64\PSAPI.DLL
0x6f430000 - 0x6f43c000 	E:\work\adt-bundle-windows-x86-20131030\eclipse\jre\bin\verify.dll
0x6f3e0000 - 0x6f400000 	E:\work\adt-bundle-windows-x86-20131030\eclipse\jre\bin\java.dll
0x6f3c0000 - 0x6f3d3000 	E:\work\adt-bundle-windows-x86-20131030\eclipse\jre\bin\zip.dll
0x73b00000 - 0x73beb000 	C:\Windows\system32\dbghelp.dll

VM Arguments:
jvm_args: -Dfile.encoding=UTF-8 -Xbootclasspath:E:\work\adt-bundle-windows-x86-20131030\sdk\platforms\android-19\android.jar 
java_command: com.leslie.gamevideo.utils.VideoTools
Launcher Type: SUN_STANDARD

Environment Variables:
JAVA_HOME=C:\Program Files\Java\jdk1.7.0_51
PATH=E:/work/adt-bundle-windows-x86-20131030/eclipse/jre/bin/client;E:/work/adt-bundle-windows-x86-20131030/eclipse/jre/bin;E:/work/adt-bundle-windows-x86-20131030/eclipse/jre/lib/i386;C:\Program Files (x86)\NVIDIA Corporation\PhysX\Common;C:\Program Files (x86)\Intel\iCLS Client\;C:\Program Files\Intel\iCLS Client\;C:\Windows\system32;C:\Windows;C:\Windows\System32\Wbem;C:\Windows\System32\WindowsPowerShell\v1.0\;C:\Program Files (x86)\ATI Technologies\ATI.ACE\Core-Static;C:\Program Files\Intel\Intel(R) Management Engine Components\DAL;C:\Program Files\Intel\Intel(R) Management Engine Components\IPT;C:\Program Files (x86)\Intel\Intel(R) Management Engine Components\DAL;C:\Program Files (x86)\Intel\Intel(R) Management Engine Components\IPT;C:\Program Files\Java\jdk1.7.0_51\bin;E:\work\adt-bundle-windows-x86-20131030\eclipse;
USERNAME=huangli
OS=Windows_NT
PROCESSOR_IDENTIFIER=Intel64 Family 6 Model 60 Stepping 3, GenuineIntel



---------------  S Y S T E M  ---------------

OS: Windows 7 , 64 bit Build 7601 Service Pack 1

CPU:total 8 (4 cores per cpu, 2 threads per core) family 6 model 60 stepping 3, cmov, cx8, fxsr, mmx, sse, sse2, sse3, ssse3, sse4.1, sse4.2, popcnt, avx, avx2, aes, erms, ht, tsc, tscinvbit

Memory: 4k page, physical 8102520k(1297220k free), swap 16203180k(8776476k free)

vm_info: Java HotSpot(TM) Client VM (24.45-b08) for windows-x86 JRE (1.7.0_45-b18), built on Oct  8 2013 06:02:43 by "java_re" with unknown MS VC++:1600

time: Fri Apr 10 18:15:24 2015
elapsed time: 0 seconds

